# JRE version: OpenJDK Runtime Environment Homebrew (11.0.25) (build 11.0.25+0)
# Java VM: OpenJDK 64-Bit Server VM Homebrew (11.0.25+0, mixed mode, tiered, compressed oops, g1 gc, bsd-aarch64)
Heap:
 garbage-first heap   total 262144K, used 125688K [0x0000000780000000, 0x00000007c0000000)
  region size 1024K, 87 young (89088K), 10 survivors (10240K)
 Metaspace       used 67812K, capacity 71303K, committed 71600K, reserved 1110016K
  class space    used 9987K, capacity 11811K, committed 11952K, reserved 1048576K
GC Heap History (16 events):
Event: 0.245 GC heap before
{Heap before GC invocations=0 (full 0):
 garbage-first heap   total 262144K, used 32768K [0x0000000780000000, 0x00000007c0000000)
  region size 1024K, 24 young (24576K), 0 survivors (0K)
 Metaspace       used 9035K, capacity 9184K, committed 9344K, reserved 1058816K
  class space    used 791K, capacity 859K, committed 896K, reserved 1048576K
}
Event: 0.247 GC heap after
{Heap after GC invocations=1 (full 0):
 garbage-first heap   total 262144K, used 22409K [0x0000000780000000, 0x00000007c0000000)
  region size 1024K, 3 young (3072K), 3 survivors (3072K)
 Metaspace       used 9035K, capacity 9184K, committed 9344K, reserved 1058816K
  class space    used 791K, capacity 859K, committed 896K, reserved 1048576K
}
Event: 0.334 GC heap before
{Heap before GC invocations=1 (full 0):
 garbage-first heap   total 262144K, used 43913K [0x0000000780000000, 0x00000007c0000000)
  region size 1024K, 24 young (24576K), 3 survivors (3072K)
 Metaspace       used 11718K, capacity 11924K, committed 12032K, reserved 1060864K
  class space    used 1124K, capacity 1207K, committed 1280K, reserved 1048576K
}
Event: 0.336 GC heap after
{Heap after GC invocations=2 (full 0):
 garbage-first heap   total 262144K, used 23819K [0x0000000780000000, 0x00000007c0000000)
  region size 1024K, 2 young (2048K), 2 survivors (2048K)
 Metaspace       used 11718K, capacity 11924K, committed 12032K, reserved 1060864K
  class space    used 1124K, capacity 1207K, committed 1280K, reserved 1048576K
}
Event: 0.529 GC heap before
{Heap before GC invocations=2 (full 0):
 garbage-first heap   total 262144K, used 68875K [0x0000000780000000, 0x00000007c0000000)
  region size 1024K, 46 young (47104K), 2 survivors (2048K)
 Metaspace       used 18255K, capacity 18611K, committed 18816K, reserved 1067008K
  class space    used 1923K, capacity 2095K, committed 2176K, reserved 1048576K
}
Event: 0.531 GC heap after
{Heap after GC invocations=3 (full 0):
 garbage-first heap   total 262144K, used 25746K [0x0000000780000000, 0x00000007c0000000)
  region size 1024K, 4 young (4096K), 4 survivors (4096K)
 Metaspace       used 18255K, capacity 18611K, committed 18816K, reserved 1067008K
  class space    used 1923K, capacity 2095K, committed 2176K, reserved 1048576K
}
Event: 0.644 GC heap before
{Heap before GC invocations=3 (full 0):
 garbage-first heap   total 262144K, used 35986K [0x0000000780000000, 0x00000007c0000000)
  region size 1024K, 15 young (15360K), 4 survivors (4096K)
 Metaspace       used 20726K, capacity 21094K, committed 21296K, reserved 1069056K
  class space    used 2412K, capacity 2562K, committed 2608K, reserved 1048576K
}
Event: 0.647 GC heap after
{Heap after GC invocations=4 (full 0):
 garbage-first heap   total 262144K, used 26094K [0x0000000780000000, 0x00000007c0000000)
  region size 1024K, 5 young (5120K), 5 survivors (5120K)
 Metaspace       used 20726K, capacity 21094K, committed 21296K, reserved 1069056K
  class space    used 2412K, capacity 2562K, committed 2608K, reserved 1048576K
}
Event: 1.099 GC heap before
{Heap before GC invocations=5 (full 0):
 garbage-first heap   total 262144K, used 94702K [0x0000000780000000, 0x00000007c0000000)
  region size 1024K, 73 young (74752K), 5 survivors (5120K)
 Metaspace       used 33233K, capacity 34225K, committed 34352K, reserved 1079296K
  class space    used 4412K, capacity 4898K, committed 4912K, reserved 1048576K
}
Event: 1.102 GC heap after
{Heap after GC invocations=6 (full 0):
 garbage-first heap   total 262144K, used 28542K [0x0000000780000000, 0x00000007c0000000)
  region size 1024K, 7 young (7168K), 7 survivors (7168K)
 Metaspace       used 33233K, capacity 34225K, committed 34352K, reserved 1079296K
  class space    used 4412K, capacity 4898K, committed 4912K, reserved 1048576K
}
Event: 1.154 GC heap before
{Heap before GC invocations=6 (full 0):
 garbage-first heap   total 262144K, used 37758K [0x0000000780000000, 0x00000007c0000000)
  region size 1024K, 17 young (17408K), 7 survivors (7168K)
 Metaspace       used 34557K, capacity 35588K, committed 35632K, reserved 1079296K
  class space    used 4600K, capacity 5129K, committed 5168K, reserved 1048576K
}
Event: 1.157 GC heap after
{Heap after GC invocations=7 (full 0):
 garbage-first heap   total 262144K, used 28936K [0x0000000780000000, 0x00000007c0000000)
  region size 1024K, 7 young (7168K), 7 survivors (7168K)
 Metaspace       used 34557K, capacity 35588K, committed 35632K, reserved 1079296K
  class space    used 4600K, capacity 5129K, committed 5168K, reserved 1048576K
}
Event: 6.474 GC heap before
{Heap before GC invocations=8 (full 0):
 garbage-first heap   total 262144K, used 166152K [0x0000000780000000, 0x00000007c0000000)
  region size 1024K, 141 young (144384K), 7 survivors (7168K)
 Metaspace       used 54294K, capacity 56066K, committed 56112K, reserved 1097728K
  class space    used 7296K, capacity 8215K, committed 8240K, reserved 1048576K
}
Event: 6.480 GC heap after
{Heap after GC invocations=9 (full 0):
 garbage-first heap   total 262144K, used 34395K [0x0000000780000000, 0x00000007c0000000)
  region size 1024K, 13 young (13312K), 13 survivors (13312K)
 Metaspace       used 54294K, capacity 56066K, committed 56112K, reserved 1097728K
  class space    used 7296K, capacity 8215K, committed 8240K, reserved 1048576K
}
Event: 12.383 GC heap before
{Heap before GC invocations=9 (full 0):
 garbage-first heap   total 262144K, used 56923K [0x0000000780000000, 0x00000007c0000000)
  region size 1024K, 36 young (36864K), 13 survivors (13312K)
 Metaspace       used 57688K, capacity 59659K, committed 59824K, reserved 1099776K
  class space    used 7948K, capacity 9023K, committed 9136K, reserved 1048576K
}
Event: 12.390 GC heap after
{Heap after GC invocations=10 (full 0):
 garbage-first heap   total 262144K, used 35576K [0x0000000780000000, 0x00000007c0000000)
  region size 1024K, 10 young (10240K), 10 survivors (10240K)
 Metaspace       used 57688K, capacity 59659K, committed 59824K, reserved 1099776K
  class space    used 7948K, capacity 9023K, committed 9136K, reserved 1048576K
}

